<?xml version="1.0" encoding="UTF-8"?>
<!-- Generated by org.testng.reporters.JUnitXMLReporter -->
<testsuite ignored="0" hostname="jojos-MBP.homenet.telecomitalia.it" failures="0" tests="3" name="BankingApp" time="11.549" errors="0" timestamp="2023-03-08T12:54:40 CET">
  <testcase classname="TC.BaseClass" name="@BeforeClass setup" time="7.717">
    <failure type="org.openqa.selenium.SessionNotCreatedException" message="session not created: This version of ChromeDriver only supports Chrome version 109
Current browser version is 111.0.5563.64 with binary path /Applications/Google Chrome.app/Contents/MacOS/Google Chrome
Build info: version: &amp;apos;3.14.0&amp;apos;, revision: &amp;apos;aacccce0&amp;apos;, time: &amp;apos;2018-08-02T20:19:58.91Z&amp;apos;
System info: host: &amp;apos;jojos-MBP.homenet.telecomitalia.it&amp;apos;, ip: &amp;apos;fe80:0:0:0:4bf:396e:8496:d2f4%en0&amp;apos;, os.name: &amp;apos;Mac OS X&amp;apos;, os.arch: &amp;apos;x86_64&amp;apos;, os.version: &amp;apos;13.2.1&amp;apos;, java.version: &amp;apos;19.0.1&amp;apos;
Driver info: driver.version: ChromeDriver
remote stacktrace: 0   chromedriver                        0x0000000102f13fa8 chromedriver + 4886440
1   chromedriver                        0x0000000102e91643 chromedriver + 4351555
2   chromedriver                        0x0000000102adfb27 chromedriver + 477991
3   chromedriver                        0x0000000102b11659 chromedriver + 681561
4   chromedriver                        0x0000000102b0c3bb chromedriver + 660411
5   chromedriver                        0x0000000102b08712 chromedriver + 644882
6   chromedriver                        0x0000000102b53bd7 chromedriver + 953303
7   chromedriver                        0x0000000102b4a3a3 chromedriver + 914339
8   chromedriver                        0x0000000102b1457f chromedriver + 693631
9   chromedriver                        0x0000000102b15b1e chromedriver + 699166
10  chromedriver                        0x0000000102ee0b9e chromedriver + 4676510
11  chromedriver                        0x0000000102ee591e chromedriver + 4696350
12  chromedriver                        0x0000000102eed19f chromedriver + 4727199
13  chromedriver                        0x0000000102ee681a chromedriver + 4700186
14  chromedriver                        0x0000000102eb9a62 chromedriver + 4516450
15  chromedriver                        0x0000000102f058c8 chromedriver + 4827336
16  chromedriver                        0x0000000102f05a45 chromedriver + 4827717
17  chromedriver                        0x0000000102f1b7ef chromedriver + 4917231
18  libsystem_pthread.dylib             0x00007ff80592c259 _pthread_start + 125
19  libsystem_pthread.dylib             0x00007ff805927c7b thread_start + 15
">
      <![CDATA[org.openqa.selenium.SessionNotCreatedException: session not created: This version of ChromeDriver only supports Chrome version 109
Current browser version is 111.0.5563.64 with binary path /Applications/Google Chrome.app/Contents/MacOS/Google Chrome
Build info: version: '3.14.0', revision: 'aacccce0', time: '2018-08-02T20:19:58.91Z'
System info: host: 'jojos-MBP.homenet.telecomitalia.it', ip: 'fe80:0:0:0:4bf:396e:8496:d2f4%en0', os.name: 'Mac OS X', os.arch: 'x86_64', os.version: '13.2.1', java.version: '19.0.1'
Driver info: driver.version: ChromeDriver
remote stacktrace: 0   chromedriver                        0x0000000102f13fa8 chromedriver + 4886440
1   chromedriver                        0x0000000102e91643 chromedriver + 4351555
2   chromedriver                        0x0000000102adfb27 chromedriver + 477991
3   chromedriver                        0x0000000102b11659 chromedriver + 681561
4   chromedriver                        0x0000000102b0c3bb chromedriver + 660411
5   chromedriver                        0x0000000102b08712 chromedriver + 644882
6   chromedriver                        0x0000000102b53bd7 chromedriver + 953303
7   chromedriver                        0x0000000102b4a3a3 chromedriver + 914339
8   chromedriver                        0x0000000102b1457f chromedriver + 693631
9   chromedriver                        0x0000000102b15b1e chromedriver + 699166
10  chromedriver                        0x0000000102ee0b9e chromedriver + 4676510
11  chromedriver                        0x0000000102ee591e chromedriver + 4696350
12  chromedriver                        0x0000000102eed19f chromedriver + 4727199
13  chromedriver                        0x0000000102ee681a chromedriver + 4700186
14  chromedriver                        0x0000000102eb9a62 chromedriver + 4516450
15  chromedriver                        0x0000000102f058c8 chromedriver + 4827336
16  chromedriver                        0x0000000102f05a45 chromedriver + 4827717
17  chromedriver                        0x0000000102f1b7ef chromedriver + 4917231
18  libsystem_pthread.dylib             0x00007ff80592c259 _pthread_start + 125
19  libsystem_pthread.dylib             0x00007ff805927c7b thread_start + 15

at java.base/jdk.internal.reflect.DirectConstructorHandleAccessor.newInstance(DirectConstructorHandleAccessor.java:67)
at java.base/java.lang.reflect.Constructor.newInstanceWithCaller(Constructor.java:500)
at java.base/java.lang.reflect.Constructor.newInstance(Constructor.java:484)
at org.openqa.selenium.remote.W3CHandshakeResponse.lambda$new$0(W3CHandshakeResponse.java:57)
at org.openqa.selenium.remote.W3CHandshakeResponse.lambda$getResponseFunction$2(W3CHandshakeResponse.java:104)
at org.openqa.selenium.remote.ProtocolHandshake.lambda$createSession$0(ProtocolHandshake.java:122)
at java.base/java.util.stream.ReferencePipeline$3$1.accept(ReferencePipeline.java:197)
at java.base/java.util.Spliterators$ArraySpliterator.tryAdvance(Spliterators.java:1016)
at java.base/java.util.stream.ReferencePipeline.forEachWithCancel(ReferencePipeline.java:129)
at java.base/java.util.stream.AbstractPipeline.copyIntoWithCancel(AbstractPipeline.java:527)
at java.base/java.util.stream.AbstractPipeline.copyInto(AbstractPipeline.java:513)
at java.base/java.util.stream.AbstractPipeline.wrapAndCopyInto(AbstractPipeline.java:499)
at java.base/java.util.stream.FindOps$FindOp.evaluateSequential(FindOps.java:150)
at java.base/java.util.stream.AbstractPipeline.evaluate(AbstractPipeline.java:234)
at java.base/java.util.stream.ReferencePipeline.findFirst(ReferencePipeline.java:647)
at org.openqa.selenium.remote.ProtocolHandshake.createSession(ProtocolHandshake.java:125)
at org.openqa.selenium.remote.ProtocolHandshake.createSession(ProtocolHandshake.java:73)
at org.openqa.selenium.remote.HttpCommandExecutor.execute(HttpCommandExecutor.java:136)
at org.openqa.selenium.remote.service.DriverCommandExecutor.execute(DriverCommandExecutor.java:83)
at org.openqa.selenium.remote.RemoteWebDriver.execute(RemoteWebDriver.java:548)
at org.openqa.selenium.remote.RemoteWebDriver.startSession(RemoteWebDriver.java:212)
at org.openqa.selenium.remote.RemoteWebDriver.<init>(RemoteWebDriver.java:130)
at org.openqa.selenium.chrome.ChromeDriver.<init>(ChromeDriver.java:181)
at org.openqa.selenium.chrome.ChromeDriver.<init>(ChromeDriver.java:168)
at org.openqa.selenium.chrome.ChromeDriver.<init>(ChromeDriver.java:157)
at TC.BaseClass.setup(BaseClass.java:56)
at java.base/jdk.internal.reflect.DirectMethodHandleAccessor.invoke(DirectMethodHandleAccessor.java:104)
at java.base/java.lang.reflect.Method.invoke(Method.java:578)
at org.testng.internal.MethodInvocationHelper.invokeMethod(MethodInvocationHelper.java:134)
at org.testng.internal.MethodInvocationHelper.invokeMethodConsideringTimeout(MethodInvocationHelper.java:63)
at org.testng.internal.ConfigInvoker.invokeConfigurationMethod(ConfigInvoker.java:348)
at org.testng.internal.ConfigInvoker.invokeConfigurations(ConfigInvoker.java:302)
at org.testng.internal.TestMethodWorker.invokeBeforeClassMethods(TestMethodWorker.java:176)
at org.testng.internal.TestMethodWorker.run(TestMethodWorker.java:122)
at java.base/java.util.ArrayList.forEach(ArrayList.java:1511)
at org.testng.TestRunner.privateRun(TestRunner.java:766)
at org.testng.TestRunner.run(TestRunner.java:587)
at org.testng.SuiteRunner.runTest(SuiteRunner.java:384)
at org.testng.SuiteRunner.runSequentially(SuiteRunner.java:378)
at org.testng.SuiteRunner.privateRun(SuiteRunner.java:337)
at org.testng.SuiteRunner.run(SuiteRunner.java:286)
at org.testng.SuiteRunnerWorker.runSuite(SuiteRunnerWorker.java:53)
at org.testng.SuiteRunnerWorker.run(SuiteRunnerWorker.java:96)
at org.testng.TestNG.runSuitesSequentially(TestNG.java:1187)
at org.testng.TestNG.runSuitesLocally(TestNG.java:1109)
at org.testng.TestNG.runSuites(TestNG.java:1039)
at org.testng.TestNG.run(TestNG.java:1007)
at org.apache.maven.surefire.testng.TestNGExecutor.run(TestNGExecutor.java:283)
at org.apache.maven.surefire.testng.TestNGXmlTestSuite.execute(TestNGXmlTestSuite.java:75)
at org.apache.maven.surefire.testng.TestNGProvider.invoke(TestNGProvider.java:120)
at org.apache.maven.surefire.booter.ForkedBooter.invokeProviderInSameClassLoader(ForkedBooter.java:384)
at org.apache.maven.surefire.booter.ForkedBooter.runSuitesInProcess(ForkedBooter.java:345)
at org.apache.maven.surefire.booter.ForkedBooter.execute(ForkedBooter.java:126)
at org.apache.maven.surefire.booter.ForkedBooter.main(ForkedBooter.java:418)
]]>
    </failure>
  </testcase> <!-- @BeforeClass setup -->
  <testcase classname="TC.BaseClass" name="@AfterClass tearDown" time="-1.678276477105E9">
    <skipped/>
  </testcase> <!-- @AfterClass tearDown -->
  <testcase classname="TC.BaseClass" name="@BeforeClass setup" time="1.838">
    <failure type="org.openqa.selenium.SessionNotCreatedException" message="session not created: This version of ChromeDriver only supports Chrome version 109
Current browser version is 111.0.5563.64 with binary path /Applications/Google Chrome.app/Contents/MacOS/Google Chrome
Build info: version: &amp;apos;3.14.0&amp;apos;, revision: &amp;apos;aacccce0&amp;apos;, time: &amp;apos;2018-08-02T20:19:58.91Z&amp;apos;
System info: host: &amp;apos;jojos-MBP.homenet.telecomitalia.it&amp;apos;, ip: &amp;apos;fe80:0:0:0:4bf:396e:8496:d2f4%en0&amp;apos;, os.name: &amp;apos;Mac OS X&amp;apos;, os.arch: &amp;apos;x86_64&amp;apos;, os.version: &amp;apos;13.2.1&amp;apos;, java.version: &amp;apos;19.0.1&amp;apos;
Driver info: driver.version: ChromeDriver
remote stacktrace: 0   chromedriver                        0x000000010e7a3fa8 chromedriver + 4886440
1   chromedriver                        0x000000010e721643 chromedriver + 4351555
2   chromedriver                        0x000000010e36fb27 chromedriver + 477991
3   chromedriver                        0x000000010e3a1659 chromedriver + 681561
4   chromedriver                        0x000000010e39c3bb chromedriver + 660411
5   chromedriver                        0x000000010e398712 chromedriver + 644882
6   chromedriver                        0x000000010e3e3bd7 chromedriver + 953303
7   chromedriver                        0x000000010e3da3a3 chromedriver + 914339
8   chromedriver                        0x000000010e3a457f chromedriver + 693631
9   chromedriver                        0x000000010e3a5b1e chromedriver + 699166
10  chromedriver                        0x000000010e770b9e chromedriver + 4676510
11  chromedriver                        0x000000010e77591e chromedriver + 4696350
12  chromedriver                        0x000000010e77d19f chromedriver + 4727199
13  chromedriver                        0x000000010e77681a chromedriver + 4700186
14  chromedriver                        0x000000010e749a62 chromedriver + 4516450
15  chromedriver                        0x000000010e7958c8 chromedriver + 4827336
16  chromedriver                        0x000000010e795a45 chromedriver + 4827717
17  chromedriver                        0x000000010e7ab7ef chromedriver + 4917231
18  libsystem_pthread.dylib             0x00007ff80592c259 _pthread_start + 125
19  libsystem_pthread.dylib             0x00007ff805927c7b thread_start + 15
">
      <![CDATA[org.openqa.selenium.SessionNotCreatedException: session not created: This version of ChromeDriver only supports Chrome version 109
Current browser version is 111.0.5563.64 with binary path /Applications/Google Chrome.app/Contents/MacOS/Google Chrome
Build info: version: '3.14.0', revision: 'aacccce0', time: '2018-08-02T20:19:58.91Z'
System info: host: 'jojos-MBP.homenet.telecomitalia.it', ip: 'fe80:0:0:0:4bf:396e:8496:d2f4%en0', os.name: 'Mac OS X', os.arch: 'x86_64', os.version: '13.2.1', java.version: '19.0.1'
Driver info: driver.version: ChromeDriver
remote stacktrace: 0   chromedriver                        0x000000010e7a3fa8 chromedriver + 4886440
1   chromedriver                        0x000000010e721643 chromedriver + 4351555
2   chromedriver                        0x000000010e36fb27 chromedriver + 477991
3   chromedriver                        0x000000010e3a1659 chromedriver + 681561
4   chromedriver                        0x000000010e39c3bb chromedriver + 660411
5   chromedriver                        0x000000010e398712 chromedriver + 644882
6   chromedriver                        0x000000010e3e3bd7 chromedriver + 953303
7   chromedriver                        0x000000010e3da3a3 chromedriver + 914339
8   chromedriver                        0x000000010e3a457f chromedriver + 693631
9   chromedriver                        0x000000010e3a5b1e chromedriver + 699166
10  chromedriver                        0x000000010e770b9e chromedriver + 4676510
11  chromedriver                        0x000000010e77591e chromedriver + 4696350
12  chromedriver                        0x000000010e77d19f chromedriver + 4727199
13  chromedriver                        0x000000010e77681a chromedriver + 4700186
14  chromedriver                        0x000000010e749a62 chromedriver + 4516450
15  chromedriver                        0x000000010e7958c8 chromedriver + 4827336
16  chromedriver                        0x000000010e795a45 chromedriver + 4827717
17  chromedriver                        0x000000010e7ab7ef chromedriver + 4917231
18  libsystem_pthread.dylib             0x00007ff80592c259 _pthread_start + 125
19  libsystem_pthread.dylib             0x00007ff805927c7b thread_start + 15

at java.base/jdk.internal.reflect.DirectConstructorHandleAccessor.newInstance(DirectConstructorHandleAccessor.java:67)
at java.base/java.lang.reflect.Constructor.newInstanceWithCaller(Constructor.java:500)
at java.base/java.lang.reflect.Constructor.newInstance(Constructor.java:484)
at org.openqa.selenium.remote.W3CHandshakeResponse.lambda$new$0(W3CHandshakeResponse.java:57)
at org.openqa.selenium.remote.W3CHandshakeResponse.lambda$getResponseFunction$2(W3CHandshakeResponse.java:104)
at org.openqa.selenium.remote.ProtocolHandshake.lambda$createSession$0(ProtocolHandshake.java:122)
at java.base/java.util.stream.ReferencePipeline$3$1.accept(ReferencePipeline.java:197)
at java.base/java.util.Spliterators$ArraySpliterator.tryAdvance(Spliterators.java:1016)
at java.base/java.util.stream.ReferencePipeline.forEachWithCancel(ReferencePipeline.java:129)
at java.base/java.util.stream.AbstractPipeline.copyIntoWithCancel(AbstractPipeline.java:527)
at java.base/java.util.stream.AbstractPipeline.copyInto(AbstractPipeline.java:513)
at java.base/java.util.stream.AbstractPipeline.wrapAndCopyInto(AbstractPipeline.java:499)
at java.base/java.util.stream.FindOps$FindOp.evaluateSequential(FindOps.java:150)
at java.base/java.util.stream.AbstractPipeline.evaluate(AbstractPipeline.java:234)
at java.base/java.util.stream.ReferencePipeline.findFirst(ReferencePipeline.java:647)
at org.openqa.selenium.remote.ProtocolHandshake.createSession(ProtocolHandshake.java:125)
at org.openqa.selenium.remote.ProtocolHandshake.createSession(ProtocolHandshake.java:73)
at org.openqa.selenium.remote.HttpCommandExecutor.execute(HttpCommandExecutor.java:136)
at org.openqa.selenium.remote.service.DriverCommandExecutor.execute(DriverCommandExecutor.java:83)
at org.openqa.selenium.remote.RemoteWebDriver.execute(RemoteWebDriver.java:548)
at org.openqa.selenium.remote.RemoteWebDriver.startSession(RemoteWebDriver.java:212)
at org.openqa.selenium.remote.RemoteWebDriver.<init>(RemoteWebDriver.java:130)
at org.openqa.selenium.chrome.ChromeDriver.<init>(ChromeDriver.java:181)
at org.openqa.selenium.chrome.ChromeDriver.<init>(ChromeDriver.java:168)
at org.openqa.selenium.chrome.ChromeDriver.<init>(ChromeDriver.java:157)
at TC.BaseClass.setup(BaseClass.java:56)
at java.base/jdk.internal.reflect.DirectMethodHandleAccessor.invoke(DirectMethodHandleAccessor.java:104)
at java.base/java.lang.reflect.Method.invoke(Method.java:578)
at org.testng.internal.MethodInvocationHelper.invokeMethod(MethodInvocationHelper.java:134)
at org.testng.internal.MethodInvocationHelper.invokeMethodConsideringTimeout(MethodInvocationHelper.java:63)
at org.testng.internal.ConfigInvoker.invokeConfigurationMethod(ConfigInvoker.java:348)
at org.testng.internal.ConfigInvoker.invokeConfigurations(ConfigInvoker.java:302)
at org.testng.internal.TestMethodWorker.invokeBeforeClassMethods(TestMethodWorker.java:176)
at org.testng.internal.TestMethodWorker.run(TestMethodWorker.java:122)
at java.base/java.util.ArrayList.forEach(ArrayList.java:1511)
at org.testng.TestRunner.privateRun(TestRunner.java:766)
at org.testng.TestRunner.run(TestRunner.java:587)
at org.testng.SuiteRunner.runTest(SuiteRunner.java:384)
at org.testng.SuiteRunner.runSequentially(SuiteRunner.java:378)
at org.testng.SuiteRunner.privateRun(SuiteRunner.java:337)
at org.testng.SuiteRunner.run(SuiteRunner.java:286)
at org.testng.SuiteRunnerWorker.runSuite(SuiteRunnerWorker.java:53)
at org.testng.SuiteRunnerWorker.run(SuiteRunnerWorker.java:96)
at org.testng.TestNG.runSuitesSequentially(TestNG.java:1187)
at org.testng.TestNG.runSuitesLocally(TestNG.java:1109)
at org.testng.TestNG.runSuites(TestNG.java:1039)
at org.testng.TestNG.run(TestNG.java:1007)
at org.apache.maven.surefire.testng.TestNGExecutor.run(TestNGExecutor.java:283)
at org.apache.maven.surefire.testng.TestNGXmlTestSuite.execute(TestNGXmlTestSuite.java:75)
at org.apache.maven.surefire.testng.TestNGProvider.invoke(TestNGProvider.java:120)
at org.apache.maven.surefire.booter.ForkedBooter.invokeProviderInSameClassLoader(ForkedBooter.java:384)
at org.apache.maven.surefire.booter.ForkedBooter.runSuitesInProcess(ForkedBooter.java:345)
at org.apache.maven.surefire.booter.ForkedBooter.execute(ForkedBooter.java:126)
at org.apache.maven.surefire.booter.ForkedBooter.main(ForkedBooter.java:418)
]]>
    </failure>
  </testcase> <!-- @BeforeClass setup -->
  <testcase classname="TC.BaseClass" name="@AfterClass tearDown" time="-1.678276478948E9">
    <skipped/>
  </testcase> <!-- @AfterClass tearDown -->
  <testcase classname="TC.BaseClass" name="@BeforeClass setup" time="1.822">
    <failure type="org.openqa.selenium.SessionNotCreatedException" message="session not created: This version of ChromeDriver only supports Chrome version 109
Current browser version is 111.0.5563.64 with binary path /Applications/Google Chrome.app/Contents/MacOS/Google Chrome
Build info: version: &amp;apos;3.14.0&amp;apos;, revision: &amp;apos;aacccce0&amp;apos;, time: &amp;apos;2018-08-02T20:19:58.91Z&amp;apos;
System info: host: &amp;apos;jojos-MBP.homenet.telecomitalia.it&amp;apos;, ip: &amp;apos;fe80:0:0:0:4bf:396e:8496:d2f4%en0&amp;apos;, os.name: &amp;apos;Mac OS X&amp;apos;, os.arch: &amp;apos;x86_64&amp;apos;, os.version: &amp;apos;13.2.1&amp;apos;, java.version: &amp;apos;19.0.1&amp;apos;
Driver info: driver.version: ChromeDriver
remote stacktrace: 0   chromedriver                        0x000000010b559fa8 chromedriver + 4886440
1   chromedriver                        0x000000010b4d7643 chromedriver + 4351555
2   chromedriver                        0x000000010b125b27 chromedriver + 477991
3   chromedriver                        0x000000010b157659 chromedriver + 681561
4   chromedriver                        0x000000010b1523bb chromedriver + 660411
5   chromedriver                        0x000000010b14e712 chromedriver + 644882
6   chromedriver                        0x000000010b199bd7 chromedriver + 953303
7   chromedriver                        0x000000010b1903a3 chromedriver + 914339
8   chromedriver                        0x000000010b15a57f chromedriver + 693631
9   chromedriver                        0x000000010b15bb1e chromedriver + 699166
10  chromedriver                        0x000000010b526b9e chromedriver + 4676510
11  chromedriver                        0x000000010b52b91e chromedriver + 4696350
12  chromedriver                        0x000000010b53319f chromedriver + 4727199
13  chromedriver                        0x000000010b52c81a chromedriver + 4700186
14  chromedriver                        0x000000010b4ffa62 chromedriver + 4516450
15  chromedriver                        0x000000010b54b8c8 chromedriver + 4827336
16  chromedriver                        0x000000010b54ba45 chromedriver + 4827717
17  chromedriver                        0x000000010b5617ef chromedriver + 4917231
18  libsystem_pthread.dylib             0x00007ff80592c259 _pthread_start + 125
19  libsystem_pthread.dylib             0x00007ff805927c7b thread_start + 15
">
      <![CDATA[org.openqa.selenium.SessionNotCreatedException: session not created: This version of ChromeDriver only supports Chrome version 109
Current browser version is 111.0.5563.64 with binary path /Applications/Google Chrome.app/Contents/MacOS/Google Chrome
Build info: version: '3.14.0', revision: 'aacccce0', time: '2018-08-02T20:19:58.91Z'
System info: host: 'jojos-MBP.homenet.telecomitalia.it', ip: 'fe80:0:0:0:4bf:396e:8496:d2f4%en0', os.name: 'Mac OS X', os.arch: 'x86_64', os.version: '13.2.1', java.version: '19.0.1'
Driver info: driver.version: ChromeDriver
remote stacktrace: 0   chromedriver                        0x000000010b559fa8 chromedriver + 4886440
1   chromedriver                        0x000000010b4d7643 chromedriver + 4351555
2   chromedriver                        0x000000010b125b27 chromedriver + 477991
3   chromedriver                        0x000000010b157659 chromedriver + 681561
4   chromedriver                        0x000000010b1523bb chromedriver + 660411
5   chromedriver                        0x000000010b14e712 chromedriver + 644882
6   chromedriver                        0x000000010b199bd7 chromedriver + 953303
7   chromedriver                        0x000000010b1903a3 chromedriver + 914339
8   chromedriver                        0x000000010b15a57f chromedriver + 693631
9   chromedriver                        0x000000010b15bb1e chromedriver + 699166
10  chromedriver                        0x000000010b526b9e chromedriver + 4676510
11  chromedriver                        0x000000010b52b91e chromedriver + 4696350
12  chromedriver                        0x000000010b53319f chromedriver + 4727199
13  chromedriver                        0x000000010b52c81a chromedriver + 4700186
14  chromedriver                        0x000000010b4ffa62 chromedriver + 4516450
15  chromedriver                        0x000000010b54b8c8 chromedriver + 4827336
16  chromedriver                        0x000000010b54ba45 chromedriver + 4827717
17  chromedriver                        0x000000010b5617ef chromedriver + 4917231
18  libsystem_pthread.dylib             0x00007ff80592c259 _pthread_start + 125
19  libsystem_pthread.dylib             0x00007ff805927c7b thread_start + 15

at java.base/jdk.internal.reflect.DirectConstructorHandleAccessor.newInstance(DirectConstructorHandleAccessor.java:67)
at java.base/java.lang.reflect.Constructor.newInstanceWithCaller(Constructor.java:500)
at java.base/java.lang.reflect.Constructor.newInstance(Constructor.java:484)
at org.openqa.selenium.remote.W3CHandshakeResponse.lambda$new$0(W3CHandshakeResponse.java:57)
at org.openqa.selenium.remote.W3CHandshakeResponse.lambda$getResponseFunction$2(W3CHandshakeResponse.java:104)
at org.openqa.selenium.remote.ProtocolHandshake.lambda$createSession$0(ProtocolHandshake.java:122)
at java.base/java.util.stream.ReferencePipeline$3$1.accept(ReferencePipeline.java:197)
at java.base/java.util.Spliterators$ArraySpliterator.tryAdvance(Spliterators.java:1016)
at java.base/java.util.stream.ReferencePipeline.forEachWithCancel(ReferencePipeline.java:129)
at java.base/java.util.stream.AbstractPipeline.copyIntoWithCancel(AbstractPipeline.java:527)
at java.base/java.util.stream.AbstractPipeline.copyInto(AbstractPipeline.java:513)
at java.base/java.util.stream.AbstractPipeline.wrapAndCopyInto(AbstractPipeline.java:499)
at java.base/java.util.stream.FindOps$FindOp.evaluateSequential(FindOps.java:150)
at java.base/java.util.stream.AbstractPipeline.evaluate(AbstractPipeline.java:234)
at java.base/java.util.stream.ReferencePipeline.findFirst(ReferencePipeline.java:647)
at org.openqa.selenium.remote.ProtocolHandshake.createSession(ProtocolHandshake.java:125)
at org.openqa.selenium.remote.ProtocolHandshake.createSession(ProtocolHandshake.java:73)
at org.openqa.selenium.remote.HttpCommandExecutor.execute(HttpCommandExecutor.java:136)
at org.openqa.selenium.remote.service.DriverCommandExecutor.execute(DriverCommandExecutor.java:83)
at org.openqa.selenium.remote.RemoteWebDriver.execute(RemoteWebDriver.java:548)
at org.openqa.selenium.remote.RemoteWebDriver.startSession(RemoteWebDriver.java:212)
at org.openqa.selenium.remote.RemoteWebDriver.<init>(RemoteWebDriver.java:130)
at org.openqa.selenium.chrome.ChromeDriver.<init>(ChromeDriver.java:181)
at org.openqa.selenium.chrome.ChromeDriver.<init>(ChromeDriver.java:168)
at org.openqa.selenium.chrome.ChromeDriver.<init>(ChromeDriver.java:157)
at TC.BaseClass.setup(BaseClass.java:56)
at java.base/jdk.internal.reflect.DirectMethodHandleAccessor.invoke(DirectMethodHandleAccessor.java:104)
at java.base/java.lang.reflect.Method.invoke(Method.java:578)
at org.testng.internal.MethodInvocationHelper.invokeMethod(MethodInvocationHelper.java:134)
at org.testng.internal.MethodInvocationHelper.invokeMethodConsideringTimeout(MethodInvocationHelper.java:63)
at org.testng.internal.ConfigInvoker.invokeConfigurationMethod(ConfigInvoker.java:348)
at org.testng.internal.ConfigInvoker.invokeConfigurations(ConfigInvoker.java:302)
at org.testng.internal.TestMethodWorker.invokeBeforeClassMethods(TestMethodWorker.java:176)
at org.testng.internal.TestMethodWorker.run(TestMethodWorker.java:122)
at java.base/java.util.ArrayList.forEach(ArrayList.java:1511)
at org.testng.TestRunner.privateRun(TestRunner.java:766)
at org.testng.TestRunner.run(TestRunner.java:587)
at org.testng.SuiteRunner.runTest(SuiteRunner.java:384)
at org.testng.SuiteRunner.runSequentially(SuiteRunner.java:378)
at org.testng.SuiteRunner.privateRun(SuiteRunner.java:337)
at org.testng.SuiteRunner.run(SuiteRunner.java:286)
at org.testng.SuiteRunnerWorker.runSuite(SuiteRunnerWorker.java:53)
at org.testng.SuiteRunnerWorker.run(SuiteRunnerWorker.java:96)
at org.testng.TestNG.runSuitesSequentially(TestNG.java:1187)
at org.testng.TestNG.runSuitesLocally(TestNG.java:1109)
at org.testng.TestNG.runSuites(TestNG.java:1039)
at org.testng.TestNG.run(TestNG.java:1007)
at org.apache.maven.surefire.testng.TestNGExecutor.run(TestNGExecutor.java:283)
at org.apache.maven.surefire.testng.TestNGXmlTestSuite.execute(TestNGXmlTestSuite.java:75)
at org.apache.maven.surefire.testng.TestNGProvider.invoke(TestNGProvider.java:120)
at org.apache.maven.surefire.booter.ForkedBooter.invokeProviderInSameClassLoader(ForkedBooter.java:384)
at org.apache.maven.surefire.booter.ForkedBooter.runSuitesInProcess(ForkedBooter.java:345)
at org.apache.maven.surefire.booter.ForkedBooter.execute(ForkedBooter.java:126)
at org.apache.maven.surefire.booter.ForkedBooter.main(ForkedBooter.java:418)
]]>
    </failure>
  </testcase> <!-- @BeforeClass setup -->
  <testcase classname="TC.BaseClass" name="@AfterClass tearDown" time="-1.678276480773E9">
    <skipped/>
  </testcase> <!-- @AfterClass tearDown -->
  <testcase classname="TC.TCLoginTest001" name="loginTest" time="0.0">
    <skipped/>
  </testcase> <!-- loginTest -->
  <testcase classname="TC.TC_LoginDDT_002" name="loginDDT" time="0.0">
    <skipped/>
  </testcase> <!-- loginDDT -->
  <testcase classname="TC.TC_AddCustomerTest_003" name="addNewCustomer" time="0.0">
    <skipped/>
  </testcase> <!-- addNewCustomer -->
</testsuite> <!-- BankingApp -->
